[main b439f42] Auto sync: 4 file(s) updated at 2026-04-30 23:51:36
 Committer: Vision K <visionschool@Visionui-MacBookPro.local>
Your name and email address were configured automatically based
on your username and hostname. Please check that they are accurate.
You can suppress this message by setting them explicitly. Run the
following command and follow the instructions in your editor to edit
your configuration file:

    git config --global --edit

After doing this, you may fix the identity used for this commit with:

    git commit --amend --reset-author

 17 files changed, 29 insertions(+)
 create mode 100644 .sync-err.log
 create mode 100644 .sync-out.log
 create mode 100644 .sync.log
 create mode 100644 pages/slides/s1_07_10m04s.jpg
 create mode 100644 pages/slides/s1_10_12m21s.jpg
 create mode 100644 pages/slides/s1_18_24m30s.jpg
 create mode 100644 pages/slides/s2_t_100m00s.jpg
 create mode 100644 pages/slides/s2_t_110m00s.jpg
 create mode 100644 pages/slides/s2_t_116m40s.jpg
 create mode 100644 pages/slides/s2_t_70m00s.jpg
 create mode 100644 pages/slides/s2_t_73m20s.jpg
 create mode 100644 pages/slides/s2_t_76m40s.jpg
 create mode 100644 pages/slides/s2_t_83m20s.jpg
 create mode 100644 pages/slides/s2_t_90m00s.jpg
 create mode 100644 pages/slides/slide_04_09m17s.jpg
 create mode 100644 pages/slides/slide_15_67m07s.jpg
 create mode 100755 sync.sh
To https://github.com/celab-kor/celab-knowledge-base.git
   ff374cf..b439f42  main -> main
[2026-04-30 23:51:36] ✅ 4 파일 동기화 완료
[main f977b1a] Auto sync: 2 file(s) updated at 2026-04-30 23:51:49
 Committer: Vision K <visionschool@Visionui-MacBookPro.local>
Your name and email address were configured automatically based
on your username and hostname. Please check that they are accurate.
You can suppress this message by setting them explicitly. Run the
following command and follow the instructions in your editor to edit
your configuration file:

    git config --global --edit

After doing this, you may fix the identity used for this commit with:

    git commit --amend --reset-author

 2 files changed, 40 insertions(+)
 create mode 100644 .gitignore
To https://github.com/celab-kor/celab-knowledge-base.git
   b439f42..f977b1a  main -> main
[2026-04-30 23:51:49] ✅ 2 파일 동기화 완료
[main 7bc3d07] Auto sync: 3 file(s) updated at 2026-04-30 23:56:16
 Committer: Vision K <visionschool@Visionui-MacBookPro.local>
Your name and email address were configured automatically based
on your username and hostname. Please check that they are accurate.
You can suppress this message by setting them explicitly. Run the
following command and follow the instructions in your editor to edit
your configuration file:

    git config --global --edit

After doing this, you may fix the identity used for this commit with:

    git commit --amend --reset-author

 3 files changed, 77 insertions(+)
 create mode 100755 "\354\247\200\354\213\235\354\260\275\352\263\240_\354\236\220\353\217\231\353\217\231\352\270\260\355\231\224.command"
To https://github.com/celab-kor/celab-knowledge-base.git
   f977b1a..7bc3d07  main -> main
[2026-04-30 23:56:16] ✅ 3 파일 동기화 완료
[main 2a09970] Auto sync: 6 file(s) updated at 2026-05-15 14:20:08
 Committer: Vision K <visionschool@Visionui-MacBookPro.local>
Your name and email address were configured automatically based
on your username and hostname. Please check that they are accurate.
You can suppress this message by setting them explicitly. Run the
following command and follow the instructions in your editor to edit
your configuration file:

    git config --global --edit

After doing this, you may fix the identity used for this commit with:

    git commit --amend --reset-author

 6 files changed, 477 insertions(+), 1 deletion(-)
 create mode 100644 .omc/state/sessions/d4304536-f44f-4676-a3e9-3a3cd66fadbf/hud-state.json
 create mode 100644 pages/2026-05-15_workflow-sop.html
 create mode 100755 scripts/process_inbox.sh
To https://github.com/celab-kor/celab-knowledge-base.git
   634c2f5..2a09970  main -> main
[2026-05-15 14:20:08] ✅ 6 파일 동기화 완료
[2026-05-15 14:20:08] 💬 Slack 알림: pages/2026-05-15_workflow-sop.html
[slack] 200 https://celab-kor.github.io/celab-knowledge-base/pages/2026-05-15_workflow-sop.html
[main 4f0bbba] Auto sync: 4 file(s) updated at 2026-05-15 15:22:42
 Committer: Vision K <visionschool@Visionui-MacBookPro.local>
Your name and email address were configured automatically based
on your username and hostname. Please check that they are accurate.
You can suppress this message by setting them explicitly. Run the
following command and follow the instructions in your editor to edit
your configuration file:

    git config --global --edit

After doing this, you may fix the identity used for this commit with:

    git commit --amend --reset-author

 4 files changed, 788 insertions(+), 1 deletion(-)
 create mode 100644 pages/2026-05-15_user-manual.html
To https://github.com/celab-kor/celab-knowledge-base.git
   2a09970..4f0bbba  main -> main
[2026-05-15 15:22:42] ✅ 4 파일 동기화 완료
[2026-05-15 15:22:42] 💬 Slack 알림: pages/2026-05-15_user-manual.html
[slack] 200 https://celab-kor.github.io/celab-knowledge-base/pages/2026-05-15_user-manual.html
[main a0de1d5] Auto sync: 2 file(s) updated at 2026-05-15 22:38:20
 Committer: Vision K <visionschool@Visionui-MacBookPro.local>
Your name and email address were configured automatically based
on your username and hostname. Please check that they are accurate.
You can suppress this message by setting them explicitly. Run the
following command and follow the instructions in your editor to edit
your configuration file:

    git config --global --edit

After doing this, you may fix the identity used for this commit with:

    git commit --amend --reset-author

 2 files changed, 12 insertions(+), 1 deletion(-)
To https://github.com/celab-kor/celab-knowledge-base.git
   4d01a52..a0de1d5  main -> main
[2026-05-15 22:38:20] ✅ 2 파일 동기화 완료
[2026-05-16 02:09:35] 📥 inbox→pages: 2026-05-16_cloudflare-access-setup.html
[2026-05-16 02:09:35] 📥 inbox→pages: 2026-05-16_inhwagong_ontology_dashboard.html
[2026-05-16 02:09:35] 📥 inbox→pages: 2026-05-16_inhwagong_viz_scoring.html
[2026-05-16 02:09:35] 📥 inbox→pages: 2026-05-16______________________IR_분석.html
